2024-06-02 14:23:59 Loading main app package /usr/lib/obsidian/obsidian.asar
2024-06-02 14:24:00 Checking for update using Github
2024-06-02 14:24:00 Success.
2024-06-02 14:24:00 Latest version is 1.5.12
2024-06-02 14:24:00 App is up to date.
2024-06-03 12:00:34 Loading main app package /usr/lib/obsidian/obsidian.asar
2024-06-03 12:00:35 Checking for update using Github
2024-06-03 12:00:36 Success.
2024-06-03 12:00:36 Latest version is 1.5.12
2024-06-03 12:00:36 App is up to date.
2024-06-03 13:14:53 Loading main app package /usr/lib/obsidian/obsidian.asar
2024-06-03 13:14:53 Checking for update using Github
2024-06-03 13:14:54 Success.
2024-06-03 13:14:54 Latest version is 1.5.12
2024-06-03 13:14:54 App is up to date.
2024-06-03 16:53:27 Loading main app package /usr/lib/obsidian/obsidian.asar
2024-06-03 16:53:28 Checking for update using Github
2024-06-03 16:53:28 Success.
2024-06-03 16:53:28 Latest version is 1.5.12
2024-06-03 16:53:28 App is up to date.
2024-06-03 17:53:27 Checking for update using Github
2024-06-03 17:53:28 Success.
2024-06-03 17:53:28 Latest version is 1.5.12
2024-06-03 17:53:28 App is up to date.
2024-06-16 08:34:26 Loading main app package /usr/lib/obsidian/obsidian.asar
2024-06-16 08:34:26 Checking for update using Github
2024-06-16 08:34:27 Success.
2024-06-16 08:34:27 Latest version is 1.6.3
2024-06-16 08:34:27 App is up to date.
2024-06-25 09:37:52 Loading main app package /usr/lib/obsidian/obsidian.asar
2024-06-25 09:37:53 Checking for update using Github
2024-06-25 09:37:53 Success.
2024-06-25 09:37:53 Latest version is 1.6.3
2024-06-25 09:37:53 App is up to date.
2024-06-25 11:27:18 Checking for update using Github
2024-06-25 11:27:18 Success.
2024-06-25 11:27:18 Latest version is 1.6.3
2024-06-25 11:27:18 App is up to date.
2024-06-25 13:43:29 Checking for update using Github
2024-06-25 13:43:29 Success.
2024-06-25 13:43:29 Latest version is 1.6.3
2024-06-25 13:43:29 App is up to date.
2024-06-25 14:53:17 Checking for update using Github
2024-06-25 14:53:17 Success.
2024-06-25 14:53:17 Latest version is 1.6.3
2024-06-25 14:53:17 App is up to date.
2024-06-25 16:43:46 Checking for update using Github
2024-06-25 16:43:47 Success.
2024-06-25 16:43:47 Latest version is 1.6.5
2024-06-25 16:43:47 Downloading update from https://github.com/obsidianmd/obsidian-releases/releases/download/v1.6.5/obsidian-1.6.5.asar.gz
2024-06-25 16:43:49 Verifying hash & signature. Size= 8839622
2024-06-25 16:43:50 Saving file
2024-06-25 16:43:50 Update complete.
2024-06-26 09:51:29 Loading updated app package /home/vnvvr1/.config/obsidian/obsidian-1.6.5.asar
2024-06-26 09:51:30 Checking for update using Github
2024-06-26 09:51:30 Success.
2024-06-26 09:51:30 Latest version is 1.6.5
2024-06-26 09:51:30 App is up to date.
2024-06-26 10:51:30 Checking for update using Github
2024-06-26 10:51:30 Success.
2024-06-26 10:51:30 Latest version is 1.6.5
2024-06-26 10:51:30 App is up to date.
2024-06-26 14:27:16 Checking for update using Github
2024-06-26 14:27:16 Success.
2024-06-26 14:27:16 Latest version is 1.6.5
2024-06-26 14:27:16 App is up to date.
2024-06-26 15:35:15 Checking for update using Github
2024-06-26 15:35:15 Success.
2024-06-26 15:35:15 Latest version is 1.6.5
2024-06-26 15:35:15 App is up to date.
2024-06-26 16:35:15 Checking for update using Github
2024-06-26 16:35:15 Success.
2024-06-26 16:35:15 Latest version is 1.6.5
2024-06-26 16:35:15 App is up to date.
2024-06-26 18:50:53 Checking for update using Github
2024-06-26 18:50:53 Success.
2024-06-26 18:50:53 Latest version is 1.6.5
2024-06-26 18:50:53 App is up to date.
2024-06-27 13:00:22 Loading main app package /usr/lib/obsidian/obsidian.asar
2024-06-27 13:00:23 Checking for update using Github
2024-06-27 13:00:23 Success.
2024-06-27 13:00:23 Latest version is 1.6.5
2024-06-27 13:00:23 App is up to date.
2024-06-27 17:02:59 Checking for update using Github
2024-06-27 17:02:59 Success.
2024-06-27 17:02:59 Latest version is 1.6.5
2024-06-27 17:02:59 App is up to date.
2024-06-27 18:02:59 Checking for update using Github
2024-06-27 18:02:59 Success.
2024-06-27 18:02:59 Latest version is 1.6.5
2024-06-27 18:02:59 App is up to date.
2024-06-28 16:01:36 Loading main app package /usr/lib/obsidian/obsidian.asar
2024-06-28 16:01:37 Checking for update using Github
2024-06-28 16:01:38 Success.
2024-06-28 16:01:38 Latest version is 1.6.5
2024-06-28 16:01:38 App is up to date.
2024-06-28 17:01:37 Checking for update using Github
2024-06-28 17:01:37 Success.
2024-06-28 17:01:37 Latest version is 1.6.5
2024-06-28 17:01:37 App is up to date.
2024-06-28 18:51:42 Checking for update using Github
2024-06-28 18:51:42 Success.
2024-06-28 18:51:42 Latest version is 1.6.5
2024-06-28 18:51:42 App is up to date.
2024-06-29 11:11:41 Loading main app package /usr/lib/obsidian/obsidian.asar
2024-06-29 11:11:41 Checking for update using Github
2024-06-29 11:11:42 Success.
2024-06-29 11:11:42 Latest version is 1.6.5
2024-06-29 11:11:42 App is up to date.
2024-06-29 12:11:41 Checking for update using Github
2024-06-29 12:11:41 Success.
2024-06-29 12:11:41 Latest version is 1.6.5
2024-06-29 12:11:41 App is up to date.
2024-06-29 13:19:30 Checking for update using Github
2024-06-29 13:19:30 Success.
2024-06-29 13:19:30 Latest version is 1.6.5
2024-06-29 13:19:30 App is up to date.
2024-06-29 14:33:03 Checking for update using Github
2024-06-29 14:33:03 Success.
2024-06-29 14:33:03 Latest version is 1.6.5
2024-06-29 14:33:03 App is up to date.
2024-06-30 09:34:05 Loading main app package /usr/lib/obsidian/obsidian.asar
2024-06-30 09:34:05 Checking for update using Github
2024-06-30 09:34:06 Success.
2024-06-30 09:34:06 Latest version is 1.6.5
2024-06-30 09:34:06 App is up to date.
2024-06-30 10:22:52 Loading main app package /usr/lib/obsidian/obsidian.asar
2024-06-30 10:22:52 Checking for update using Github
2024-06-30 10:22:53 Success.
2024-06-30 10:22:53 Latest version is 1.6.5
2024-06-30 10:22:53 App is up to date.
2024-06-30 16:22:41 Loading main app package /usr/lib/obsidian/obsidian.asar
2024-06-30 16:22:41 Checking for update using Github
2024-06-30 16:22:43 Success.
2024-06-30 16:22:43 Latest version is 1.6.5
2024-06-30 16:22:43 App is up to date.
2024-06-30 16:31:34 Loading main app package /usr/lib/obsidian/obsidian.asar
2024-06-30 16:31:35 Checking for update using Github
2024-06-30 16:31:35 Success.
2024-06-30 16:31:35 Latest version is 1.6.5
2024-06-30 16:31:35 App is up to date.
2024-07-01 11:34:30 Loading main app package /usr/lib/obsidian/obsidian.asar
2024-07-01 11:34:30 Checking for update using Github
2024-07-01 11:34:31 Success.
2024-07-01 11:34:31 Latest version is 1.6.5
2024-07-01 11:34:31 App is up to date.
2024-07-01 12:34:30 Checking for update using Github
2024-07-01 12:34:30 Success.
2024-07-01 12:34:30 Latest version is 1.6.5
2024-07-01 12:34:30 App is up to date.
2024-07-05 08:43:35 Loading main app package /usr/lib/obsidian/obsidian.asar
2024-07-05 08:43:37 Checking for update using Github
2024-07-05 08:43:37 Success.
2024-07-05 08:43:37 Latest version is 1.6.5
2024-07-05 08:43:37 App is up to date.
2024-07-05 09:43:35 Checking for update using Github
2024-07-05 09:43:35 Success.
2024-07-05 09:43:35 Latest version is 1.6.5
2024-07-05 09:43:35 App is up to date.
2024-07-05 11:05:12 Checking for update using Github
2024-07-05 11:05:12 Success.
2024-07-05 11:05:12 Latest version is 1.6.5
2024-07-05 11:05:12 App is up to date.
2024-07-05 12:24:22 Checking for update using Github
2024-07-05 12:24:22 Success.
2024-07-05 12:24:22 Latest version is 1.6.5
2024-07-05 12:24:22 App is up to date.
2024-07-05 16:02:47 Checking for update using Github
2024-07-05 16:02:48 Success.
2024-07-05 16:02:48 Latest version is 1.6.5
2024-07-05 16:02:48 App is up to date.
2024-11-08 11:22:32 Loading main app package /usr/lib/obsidian/obsidian.asar
2024-11-08 11:22:33 Checking for update using Github
2024-11-08 11:22:34 Success.
2024-11-08 11:22:34 Latest version is 1.7.5
2024-11-08 11:22:34 Downloading update from https://github.com/obsidianmd/obsidian-releases/releases/download/v1.7.5/obsidian-1.7.5.asar.gz
2024-11-08 11:22:54 Verifying hash & signature. Size= 8056498
2024-11-08 11:22:55 Saving file
2024-11-08 11:22:55 Update complete.
2024-11-08 11:24:21 Loading updated app package /home/vnvvr1/.config/obsidian/obsidian-1.7.5.asar
2024-11-08 11:24:22 Checking for update using Github
2024-11-08 11:24:22 Success.
2024-11-08 11:24:22 Latest version is 1.7.5
2024-11-08 11:24:22 App is up to date.
2024-11-08 12:24:21 Checking for update using Github
2024-11-08 12:24:22 Success.
2024-11-08 12:24:22 Latest version is 1.7.5
2024-11-08 12:24:22 App is up to date.
2024-11-08 13:24:22 Checking for update using Github
2024-11-08 13:24:22 Success.
2024-11-08 13:24:22 Latest version is 1.7.5
2024-11-08 13:24:22 App is up to date.
2024-11-08 14:53:01 Loading main app package /usr/lib/obsidian/obsidian.asar
2024-11-08 14:53:02 Checking for update using Github
2024-11-08 14:53:03 Success.
2024-11-08 14:53:03 Latest version is 1.7.5
2024-11-08 14:53:03 App is up to date.
2024-11-08 15:53:40 Checking for update using Github
2024-11-08 15:53:40 Success.
2024-11-08 15:53:40 Latest version is 1.7.5
2024-11-08 15:53:40 App is up to date.
2024-11-08 16:53:40 Checking for update using Github
2024-11-08 16:53:40 Success.
2024-11-08 16:53:40 Latest version is 1.7.5
2024-11-08 16:53:40 App is up to date.
2024-11-14 08:41:16 Loading main app package /usr/lib/obsidian/obsidian.asar
2024-11-14 08:41:17 Checking for update using Github
2024-11-14 08:41:18 Success.
2024-11-14 08:41:18 Latest version is 1.7.6
2024-11-14 08:41:18 Downloading update from https://github.com/obsidianmd/obsidian-releases/releases/download/v1.7.6/obsidian-1.7.6.asar.gz
2024-11-14 08:41:25 Verifying hash & signature. Size= 8000010
2024-11-14 08:41:25 Saving file
2024-11-14 08:41:25 Update complete.
2024-11-14 08:41:54 Loading updated app package /home/vnvvr1/.config/obsidian/obsidian-1.7.6.asar
2024-11-14 08:41:55 Checking for update using Github
2024-11-14 08:41:55 Success.
2024-11-14 08:41:55 Latest version is 1.7.6
2024-11-14 08:41:55 App is up to date.
2024-11-14 09:41:55 Checking for update using Github
2024-11-14 09:41:55 Success.
2024-11-14 09:41:55 Latest version is 1.7.6
2024-11-14 09:41:55 App is up to date.
2024-11-14 10:41:55 Checking for update using Github
2024-11-14 10:41:56 Success.
2024-11-14 10:41:56 Latest version is 1.7.6
2024-11-14 10:41:56 App is up to date.
2024-11-14 12:51:43 Checking for update using Github
2024-11-14 12:51:44 Success.
2024-11-14 12:51:44 Latest version is 1.7.6
2024-11-14 12:51:44 App is up to date.
2024-11-14 13:51:43 Checking for update using Github
2024-11-14 13:51:44 Success.
2024-11-14 13:51:44 Latest version is 1.7.6
2024-11-14 13:51:44 App is up to date.
2024-11-19 07:05:23 Loading updated app package /home/vnvvr1/.config/obsidian/obsidian-1.7.6.asar
2024-11-19 07:05:24 Checking for update using Github
2024-11-19 07:05:25 Success.
2024-11-19 07:05:25 Latest version is 1.7.7
2024-11-19 07:05:25 Downloading update from https://github.com/obsidianmd/obsidian-releases/releases/download/v1.7.7/obsidian-1.7.7.asar.gz
2024-11-19 07:05:29 Verifying hash & signature. Size= 8000009
2024-11-19 07:05:29 Saving file
2024-11-19 07:05:29 Update complete.
2024-11-19 07:06:20 Loading updated app package /home/vnvvr1/.config/obsidian/obsidian-1.7.7.asar
2024-11-19 07:06:20 Checking for update using Github
2024-11-19 07:06:20 Success.
2024-11-19 07:06:20 Latest version is 1.7.7
2024-11-19 07:06:20 App is up to date.
2024-11-19 08:00:23 Loading updated app package /home/vnvvr1/.config/obsidian/obsidian-1.7.7.asar
2024-11-19 08:00:24 Checking for update using Github
2024-11-19 08:00:24 Success.
2024-11-19 08:00:24 Latest version is 1.7.7
2024-11-19 08:00:24 App is up to date.
2024-11-19 09:00:23 Checking for update using Github
2024-11-19 09:00:24 Success.
2024-11-19 09:00:24 Latest version is 1.7.7
2024-11-19 09:00:24 App is up to date.
2024-11-19 12:01:51 Loading main app package /usr/lib/obsidian/obsidian.asar
2024-11-19 12:01:52 Checking for update using Github
2024-11-19 12:01:53 Success.
2024-11-19 12:01:53 Latest version is 1.7.7
2024-11-19 12:01:53 App is up to date.
2024-11-19 13:01:51 Checking for update using Github
2024-11-19 13:01:52 Success.
2024-11-19 13:01:52 Latest version is 1.7.7
2024-11-19 13:01:52 App is up to date.
2024-11-19 14:01:51 Checking for update using Github
2024-11-19 14:01:52 Success.
2024-11-19 14:01:52 Latest version is 1.7.7
2024-11-19 14:01:52 App is up to date.
2024-11-19 15:01:51 Checking for update using Github
2024-11-19 15:01:52 Success.
2024-11-19 15:01:52 Latest version is 1.7.7
2024-11-19 15:01:52 App is up to date.
2024-11-19 15:57:18 Loading main app package /usr/lib/obsidian/obsidian.asar
2024-11-19 15:57:19 Checking for update using Github
2024-11-19 15:57:20 Success.
2024-11-19 15:57:20 Latest version is 1.7.7
2024-11-19 15:57:20 App is up to date.
2024-11-19 16:04:25 Loading main app package /usr/lib/obsidian/obsidian.asar
2024-11-19 16:04:25 Checking for update using Github
2024-11-19 16:04:26 Success.
2024-11-19 16:04:26 Latest version is 1.7.7
2024-11-19 16:04:26 App is up to date.
2024-11-19 16:22:23 Loading main app package /usr/lib/obsidian/obsidian.asar
2024-11-19 16:22:23 Checking for update using Github
2024-11-19 16:22:24 Success.
2024-11-19 16:22:24 Latest version is 1.7.7
2024-11-19 16:22:24 App is up to date.
2024-11-19 16:36:13 Loading main app package /usr/lib/obsidian/obsidian.asar
2024-11-19 16:36:14 Checking for update using Github
2024-11-19 16:36:15 Success.
2024-11-19 16:36:15 Latest version is 1.7.7
2024-11-19 16:36:15 App is up to date.
2024-11-19 16:44:36 Loading main app package /usr/lib/obsidian/obsidian.asar
2024-11-19 16:44:36 Checking for update using Github
2024-11-19 16:44:37 Success.
2024-11-19 16:44:37 Latest version is 1.7.7
2024-11-19 16:44:37 App is up to date.
2024-11-20 03:01:58 Loading main app package /usr/lib/obsidian/obsidian.asar
2024-11-20 03:01:59 Checking for update using Github
2024-11-20 03:02:00 Success.
2024-11-20 03:02:00 Latest version is 1.7.7
2024-11-20 03:02:00 App is up to date.
2024-11-20 03:40:47 Loading main app package /usr/lib/obsidian/obsidian.asar
2024-11-20 03:40:47 Checking for update using Github
2024-11-20 03:40:48 Success.
2024-11-20 03:40:48 Latest version is 1.7.7
2024-11-20 03:40:48 App is up to date.
2024-11-20 03:41:08 Loading main app package /usr/lib/obsidian/obsidian.asar
2024-11-20 03:41:08 Checking for update using Github
2024-11-20 03:41:08 Success.
2024-11-20 03:41:08 Latest version is 1.7.7
2024-11-20 03:41:08 App is up to date.
2024-11-20 04:16:14 Loading main app package /usr/lib/obsidian/obsidian.asar
2024-11-20 04:16:15 Checking for update using Github
2024-11-20 04:16:15 Success.
2024-11-20 04:16:15 Latest version is 1.7.7
2024-11-20 04:16:15 App is up to date.
2024-11-20 04:16:39 Loading main app package /usr/lib/obsidian/obsidian.asar
2024-11-20 04:16:39 Checking for update using Github
2024-11-20 04:16:39 Success.
2024-11-20 04:16:39 Latest version is 1.7.7
2024-11-20 04:16:39 App is up to date.
2024-11-20 04:38:37 Loading main app package /usr/lib/obsidian/obsidian.asar
2024-11-20 04:38:37 Checking for update using Github
2024-11-20 04:38:38 Success.
2024-11-20 04:38:38 Latest version is 1.7.7
2024-11-20 04:38:38 App is up to date.
2024-11-20 04:45:25 Loading main app package /usr/lib/obsidian/obsidian.asar
2024-11-20 04:45:25 Checking for update using Github
2024-11-20 04:45:26 Success.
2024-11-20 04:45:26 Latest version is 1.7.7
2024-11-20 04:45:26 App is up to date.
2024-11-20 04:49:11 Loading main app package /usr/lib/obsidian/obsidian.asar
2024-11-20 04:49:12 Checking for update using Github
2024-11-20 04:49:12 Success.
2024-11-20 04:49:12 Latest version is 1.7.7
2024-11-20 04:49:12 App is up to date.
2024-11-20 05:06:37 Loading main app package /usr/lib/obsidian/obsidian.asar
2024-11-20 05:06:37 Checking for update using Github
2024-11-20 05:06:38 Success.
2024-11-20 05:06:38 Latest version is 1.7.7
2024-11-20 05:06:38 App is up to date.
2024-11-20 06:19:12 Checking for update using Github
2024-11-20 06:19:12 Success.
2024-11-20 06:19:12 Latest version is 1.7.7
2024-11-20 06:19:12 App is up to date.
2024-11-20 07:32:11 Loading main app package /usr/lib/obsidian/obsidian.asar
2024-11-20 07:32:12 Checking for update using Github
2024-11-20 07:32:13 Success.
2024-11-20 07:32:13 Latest version is 1.7.7
2024-11-20 07:32:13 App is up to date.
2024-11-20 10:16:10 Loading main app package /usr/lib/obsidian/obsidian.asar
2024-11-20 10:16:11 Checking for update using Github
2024-11-20 10:16:11 Failed to check for update using Github (net::ERR_INTERNET_DISCONNECTED)
2024-11-20 10:16:11 Checking for update using obsidian.md
2024-11-20 10:16:11 Failed to check for update using obsidian.md (net::ERR_INTERNET_DISCONNECTED)
2024-11-20 10:24:24 Loading main app package /usr/lib/obsidian/obsidian.asar
2024-11-20 10:24:24 Checking for update using Github
2024-11-20 10:24:25 Success.
2024-11-20 10:24:25 Latest version is 1.7.7
2024-11-20 10:24:25 App is up to date.
2024-11-20 11:24:24 Checking for update using Github
2024-11-20 11:24:24 Success.
2024-11-20 11:24:24 Latest version is 1.7.7
2024-11-20 11:24:24 App is up to date.
2024-11-21 15:34:24 Loading main app package /usr/lib/obsidian/obsidian.asar
2024-11-21 15:34:25 Checking for update using Github
2024-11-21 15:34:26 Success.
2024-11-21 15:34:26 Latest version is 1.7.7
2024-11-21 15:34:26 App is up to date.
2024-11-21 16:34:25 Checking for update using Github
2024-11-21 16:34:25 Success.
2024-11-21 16:34:25 Latest version is 1.7.7
2024-11-21 16:34:25 App is up to date.
2024-11-25 09:06:11 Loading main app package /usr/lib/obsidian/obsidian.asar
2024-11-25 09:06:12 Checking for update using Github
2024-11-25 09:06:13 Success.
2024-11-25 09:06:13 Latest version is 1.7.7
2024-11-25 09:06:13 App is up to date.
2024-11-25 09:08:49 Loading main app package /usr/lib/obsidian/obsidian.asar
2024-11-25 09:08:50 Checking for update using Github
2024-11-25 09:08:50 Success.
2024-11-25 09:08:50 Latest version is 1.7.7
2024-11-25 09:08:50 App is up to date.
2024-11-25 10:08:49 Checking for update using Github
2024-11-25 10:08:50 Success.
2024-11-25 10:08:50 Latest version is 1.7.7
2024-11-25 10:08:50 App is up to date.
2024-11-25 11:08:50 Checking for update using Github
2024-11-25 11:08:50 Success.
2024-11-25 11:08:50 Latest version is 1.7.7
2024-11-25 11:08:50 App is up to date.
2024-11-25 12:08:50 Checking for update using Github
2024-11-25 12:08:55 Success.
2024-11-25 12:08:55 Latest version is 1.7.7
2024-11-25 12:08:55 App is up to date.
2024-11-25 14:53:03 Checking for update using Github
2024-11-25 14:53:04 Success.
2024-11-25 14:53:04 Latest version is 1.7.7
2024-11-25 14:53:04 App is up to date.
2024-11-25 15:53:03 Checking for update using Github
2024-11-25 15:53:04 Success.
2024-11-25 15:53:04 Latest version is 1.7.7
2024-11-25 15:53:04 App is up to date.
2024-11-25 16:53:04 Checking for update using Github
2024-11-25 16:53:04 Success.
2024-11-25 16:53:04 Latest version is 1.7.7
2024-11-25 16:53:04 App is up to date.
2024-11-26 07:49:38 Loading main app package /usr/lib/obsidian/obsidian.asar
2024-11-26 07:49:40 Checking for update using Github
2024-11-26 07:49:41 Success.
2024-11-26 07:49:41 Latest version is 1.7.7
2024-11-26 07:49:41 App is up to date.
2024-11-26 10:38:49 Checking for update using Github
2024-11-26 10:38:50 Success.
2024-11-26 10:38:50 Latest version is 1.7.7
2024-11-26 10:38:50 App is up to date.
2024-11-26 11:38:59 Checking for update using Github
2024-11-26 11:39:00 Success.
2024-11-26 11:39:00 Latest version is 1.7.7
2024-11-26 11:39:00 App is up to date.
2024-11-26 16:52:35 Loading main app package /usr/lib/obsidian/obsidian.asar
2024-11-26 16:52:35 Checking for update using Github
2024-11-26 16:52:36 Success.
2024-11-26 16:52:36 Latest version is 1.7.7
2024-11-26 16:52:36 App is up to date.
2024-11-27 06:29:45 Loading main app package /usr/lib/obsidian/obsidian.asar
2024-11-27 06:29:46 Checking for update using Github
2024-11-27 06:29:47 Success.
2024-11-27 06:29:47 Latest version is 1.7.7
2024-11-27 06:29:47 App is up to date.
2024-11-27 09:44:25 Checking for update using Github
2024-11-27 09:44:26 Success.
2024-11-27 09:44:26 Latest version is 1.7.7
2024-11-27 09:44:26 App is up to date.
2024-11-27 10:44:25 Checking for update using Github
2024-11-27 10:44:26 Success.
2024-11-27 10:44:26 Latest version is 1.7.7
2024-11-27 10:44:26 App is up to date.
2024-11-27 11:52:43 Checking for update using Github
2024-11-27 11:52:44 Success.
2024-11-27 11:52:44 Latest version is 1.7.7
2024-11-27 11:52:44 App is up to date.
2024-11-27 16:02:14 Loading main app package /usr/lib/obsidian/obsidian.asar
2024-11-27 16:02:15 Checking for update using Github
2024-11-27 16:02:15 Success.
2024-11-27 16:02:15 Latest version is 1.7.7
2024-11-27 16:02:15 App is up to date.
2024-12-05 09:52:01 Loading main app package /usr/lib/obsidian/obsidian.asar
2024-12-05 09:52:02 Checking for update using Github
2024-12-05 09:52:03 Success.
2024-12-05 09:52:03 Latest version is 1.7.7
2024-12-05 09:52:03 App is up to date.
2024-12-05 14:55:46 Loading main app package /usr/lib/obsidian/obsidian.asar
2024-12-05 14:55:47 Checking for update using Github
2024-12-05 14:55:47 Success.
2024-12-05 14:55:47 Latest version is 1.7.7
2024-12-05 14:55:47 App is up to date.
2024-12-06 13:46:50 Loading main app package /usr/lib/obsidian/obsidian.asar
2024-12-06 13:46:51 Checking for update using Github
2024-12-06 13:46:51 Success.
2024-12-06 13:46:51 Latest version is 1.7.7
2024-12-06 13:46:51 App is up to date.
2024-12-06 14:46:50 Checking for update using Github
2024-12-06 14:46:51 Success.
2024-12-06 14:46:51 Latest version is 1.7.7
2024-12-06 14:46:51 App is up to date.
2024-12-11 09:12:12 Loading main app package /usr/lib/obsidian/obsidian.asar
2024-12-11 09:12:13 Checking for update using Github
2024-12-11 09:12:13 Success.
2024-12-11 09:12:13 Latest version is 1.7.7
2024-12-11 09:12:13 App is up to date.
2025-01-26 12:56:57 Loading main app package /usr/lib/obsidian/obsidian.asar
2025-01-26 12:56:58 Checking for update using Github
2025-01-26 12:56:59 Success.
2025-01-26 12:56:59 Latest version is 1.7.7
2025-01-26 12:56:59 App is up to date.
2025-01-26 14:05:52 Loading main app package /usr/lib/obsidian/obsidian.asar
2025-01-26 14:05:53 Checking for update using Github
2025-01-26 14:05:54 Success.
2025-01-26 14:05:54 Latest version is 1.7.7
2025-01-26 14:05:54 App is up to date.
2025-01-26 14:38:17 Loading main app package /usr/lib/obsidian/obsidian.asar
2025-01-26 14:38:18 Checking for update using Github
2025-01-26 14:38:19 Success.
2025-01-26 14:38:19 Latest version is 1.7.7
2025-01-26 14:38:19 App is up to date.
2025-01-27 18:37:58 Loading main app package /usr/lib/obsidian/obsidian.asar
2025-01-27 18:37:59 Checking for update using Github
2025-01-27 18:38:00 Success.
2025-01-27 18:38:00 Latest version is 1.7.7
2025-01-27 18:38:00 App is up to date.
2025-01-27 19:37:58 Checking for update using Github
2025-01-27 19:37:59 Success.
2025-01-27 19:37:59 Latest version is 1.7.7
2025-01-27 19:37:59 App is up to date.
2025-01-27 20:37:58 Checking for update using Github
2025-01-27 20:37:59 Success.
2025-01-27 20:37:59 Latest version is 1.7.7
2025-01-27 20:37:59 App is up to date.
2025-01-27 20:48:38 Loading main app package /usr/lib/obsidian/obsidian.asar
2025-01-27 20:48:39 Checking for update using Github
2025-01-27 20:48:40 Success.
2025-01-27 20:48:40 Latest version is 1.7.7
2025-01-27 20:48:40 App is up to date.
2025-05-04 12:15:30 Loading main app package /usr/lib/obsidian/obsidian.asar
2025-05-04 12:15:30 Checking for update using Github
2025-05-04 12:15:31 Success.
2025-05-04 12:15:31 Latest version is 1.8.10
2025-05-04 12:15:31 App is up to date.
2025-05-04 14:22:13 Checking for update using Github
2025-05-04 14:22:13 Success.
2025-05-04 14:22:13 Latest version is 1.8.10
2025-05-04 14:22:13 App is up to date.
2025-05-04 15:22:13 Checking for update using Github
2025-05-04 15:22:13 Success.
2025-05-04 15:22:13 Latest version is 1.8.10
2025-05-04 15:22:13 App is up to date.
2025-05-04 16:22:13 Checking for update using Github
2025-05-04 16:22:13 Success.
2025-05-04 16:22:13 Latest version is 1.8.10
2025-05-04 16:22:13 App is up to date.
2025-05-07 18:45:10 Loading main app package /usr/lib/obsidian/obsidian.asar
2025-05-07 18:45:11 Checking for update using Github
2025-05-07 18:45:12 Success.
2025-05-07 18:45:12 Latest version is 1.8.10
2025-05-07 18:45:12 App is up to date.
2025-05-10 07:32:52 Loading main app package /usr/lib/obsidian/obsidian.asar
2025-05-10 07:32:53 Checking for update using Github
2025-05-10 07:32:54 Success.
2025-05-10 07:32:54 Latest version is 1.8.10
2025-05-10 07:32:54 App is up to date.
2025-05-10 09:19:32 Loading main app package /usr/lib/obsidian/obsidian.asar
2025-05-10 09:19:32 Checking for update using Github
2025-05-10 09:19:33 Success.
2025-05-10 09:19:33 Latest version is 1.8.10
2025-05-10 09:19:33 App is up to date.
2025-05-10 10:19:32 Checking for update using Github
2025-05-10 10:19:32 Success.
2025-05-10 10:19:32 Latest version is 1.8.10
2025-05-10 10:19:32 App is up to date.
2026-01-14 12:49:40 Loading main app package /usr/lib/obsidian/obsidian.asar
2026-01-14 12:49:41 Checking for update using Github
2026-01-14 12:49:43 Success.
2026-01-14 12:49:43 Latest version is 1.11.4
2026-01-14 12:49:43 Downloading update from https://github.com/obsidianmd/obsidian-releases/releases/download/v1.11.4/obsidian-1.11.4.asar.gz
2026-01-14 12:49:55 Verifying hash & signature. Size= 8769455
2026-01-14 12:49:55 Saving file
2026-01-14 12:49:56 Update complete.
2026-01-20 09:55:29 Loading main app package /usr/lib/obsidian/obsidian.asar
2026-01-20 09:55:30 Checking for update using Github
2026-01-20 09:55:31 Success.
2026-01-20 09:55:31 Latest version is 1.11.4
2026-01-20 09:55:31 App is up to date.
2026-01-20 10:55:29 Checking for update using Github
2026-01-20 10:55:30 Success.
2026-01-20 10:55:30 Latest version is 1.11.4
2026-01-20 10:55:30 App is up to date.
